#-----------------------------------------------------------
# Vivado v2022.1 (64-bit)
# SW Build 3526262 on Mon Apr 18 15:47:01 MDT 2022
# IP Build 3524634 on Mon Apr 18 20:55:01 MDT 2022
# Start of session at: Sat Mar 23 08:46:53 2024
# Process ID: 16791
# Current directory: /home/ubuntu/Desktop/FalconHLS_master_NTRU/falcon_hls/solution1/impl/ip
# Command line: vivado -notrace -mode batch -source run_ippack.tcl
# Log file: /home/ubuntu/Desktop/FalconHLS_master_NTRU/falcon_hls/solution1/impl/ip/vivado.log
# Journal file: /home/ubuntu/Desktop/FalconHLS_master_NTRU/falcon_hls/solution1/impl/ip/vivado.jou
# Running On: ubuntu2004, OS: Linux, CPU Frequency: 2419.198 MHz, CPU Physical cores: 2, Host memory: 5669 MB
#-----------------------------------------------------------
source run_ippack.tcl -notrace
INFO: [IP_Flow 19-234] Refreshing IP repositories
INFO: [IP_Flow 19-1704] No user IP repositories specified
INFO: [IP_Flow 19-2313] Loaded Vivado IP repository '/tools/Xilinx/Vivado/2022.1/data/ip'.
WARNING: [IP_Flow 19-4832] The IP name 'solve_NTRU_dadd_64ns_64ns_64_3_full_dsp_1_ip' you have specified is long. The Windows operating system has path length limitations. It is recommended you use shorter names to reduce the likelihood of issues.
INFO: [IP_Flow 19-1686] Generating 'Synthesis' target for IP 'solve_NTRU_dadd_64ns_64ns_64_3_full_dsp_1_ip'...
INFO: [IP_Flow 19-1686] Generating 'Simulation' target for IP 'solve_NTRU_dadd_64ns_64ns_64_3_full_dsp_1_ip'...
WARNING: [IP_Flow 19-4832] The IP name 'solve_NTRU_dadddsub_64ns_64ns_64_3_full_dsp_1_ip' you have specified is long. The Windows operating system has path length limitations. It is recommended you use shorter names to reduce the likelihood of issues.
INFO: [IP_Flow 19-1686] Generating 'Synthesis' target for IP 'solve_NTRU_dadddsub_64ns_64ns_64_3_full_dsp_1_ip'...
INFO: [IP_Flow 19-1686] Generating 'Simulation' target for IP 'solve_NTRU_dadddsub_64ns_64ns_64_3_full_dsp_1_ip'...
WARNING: [IP_Flow 19-4832] The IP name 'solve_NTRU_dcmp_64ns_64ns_1_1_no_dsp_1_ip' you have specified is long. The Windows operating system has path length limitations. It is recommended you use shorter names to reduce the likelihood of issues.
INFO: [IP_Flow 19-1686] Generating 'Synthesis' target for IP 'solve_NTRU_dcmp_64ns_64ns_1_1_no_dsp_1_ip'...
INFO: [IP_Flow 19-1686] Generating 'Simulation' target for IP 'solve_NTRU_dcmp_64ns_64ns_1_1_no_dsp_1_ip'...
WARNING: [IP_Flow 19-4832] The IP name 'solve_NTRU_ddiv_64ns_64ns_64_10_no_dsp_1_ip' you have specified is long. The Windows operating system has path length limitations. It is recommended you use shorter names to reduce the likelihood of issues.
INFO: [IP_Flow 19-1686] Generating 'Synthesis' target for IP 'solve_NTRU_ddiv_64ns_64ns_64_10_no_dsp_1_ip'...
INFO: [IP_Flow 19-1686] Generating 'Simulation' target for IP 'solve_NTRU_ddiv_64ns_64ns_64_10_no_dsp_1_ip'...
WARNING: [IP_Flow 19-4832] The IP name 'solve_NTRU_dmul_64ns_64ns_64_4_max_dsp_1_ip' you have specified is long. The Windows operating system has path length limitations. It is recommended you use shorter names to reduce the likelihood of issues.
INFO: [IP_Flow 19-1686] Generating 'Synthesis' target for IP 'solve_NTRU_dmul_64ns_64ns_64_4_max_dsp_1_ip'...
INFO: [IP_Flow 19-1686] Generating 'Simulation' target for IP 'solve_NTRU_dmul_64ns_64ns_64_4_max_dsp_1_ip'...
WARNING: [IP_Flow 19-4832] The IP name 'solve_NTRU_dsub_64ns_64ns_64_3_full_dsp_1_ip' you have specified is long. The Windows operating system has path length limitations. It is recommended you use shorter names to reduce the likelihood of issues.
INFO: [IP_Flow 19-1686] Generating 'Synthesis' target for IP 'solve_NTRU_dsub_64ns_64ns_64_3_full_dsp_1_ip'...
INFO: [IP_Flow 19-1686] Generating 'Simulation' target for IP 'solve_NTRU_dsub_64ns_64ns_64_3_full_dsp_1_ip'...
WARNING: [IP_Flow 19-4832] The IP name 'solve_NTRU_sitodp_64ns_64_2_no_dsp_1_ip' you have specified is long. The Windows operating system has path length limitations. It is recommended you use shorter names to reduce the likelihood of issues.
INFO: [IP_Flow 19-1686] Generating 'Synthesis' target for IP 'solve_NTRU_sitodp_64ns_64_2_no_dsp_1_ip'...
INFO: [IP_Flow 19-1686] Generating 'Simulation' target for IP 'solve_NTRU_sitodp_64ns_64_2_no_dsp_1_ip'...
INFO: [IP_Flow 19-234] Refreshing IP repositories
INFO: [IP_Flow 19-1704] No user IP repositories specified
INFO: [IP_Flow 19-2313] Loaded Vivado IP repository '/tools/Xilinx/Vivado/2022.1/data/ip'.
INFO: [Common 17-206] Exiting Vivado at Sat Mar 23 08:47:14 2024...
